c:\users\harri\documents\programacao\c++\face_h_v3\face_h_v3\x64\release\vc143.pdb
c:\users\harri\documents\programacao\c++\face_h_v3\face_h_v3\x64\release\global_pca.obj
c:\users\harri\documents\programacao\c++\face_h_v3\face_h_v3\x64\release\global_kmeans.obj
c:\users\harri\documents\programacao\c++\face_h_v3\face_h_v3\x64\release\global.obj
c:\users\harri\documents\programacao\c++\face_h_v3\face_h_v3\x64\release\functions_pca.obj
c:\users\harri\documents\programacao\c++\face_h_v3\face_h_v3\x64\release\functions_kmeans.obj
c:\users\harri\documents\programacao\c++\face_h_v3\face_h_v3\x64\release\functions.obj
c:\users\harri\documents\programacao\c++\face_h_v3\face_h_v3\x64\release\face_h_v3.obj
c:\users\harri\documents\programacao\c++\face_h_v3\face_h_v3\x64\release\source.obj
c:\users\harri\documents\programacao\c++\face_h_v3\x64\release\face_h_v3.exe
c:\users\harri\documents\programacao\c++\face_h_v3\face_h_v3\x64\release\face_h_v3.ipdb
c:\users\harri\documents\programacao\c++\face_h_v3\x64\release\face_h_v3.pdb
c:\users\harri\documents\programacao\c++\face_h_v3\face_h_v3\x64\release\face_h_v3.iobj
c:\users\harri\documents\programacao\c++\face_h_v3\face_h_v3\x64\release\face_h_v3.tlog\cl.command.1.tlog
c:\users\harri\documents\programacao\c++\face_h_v3\face_h_v3\x64\release\face_h_v3.tlog\cl.items.tlog
c:\users\harri\documents\programacao\c++\face_h_v3\face_h_v3\x64\release\face_h_v3.tlog\cl.read.1.tlog
c:\users\harri\documents\programacao\c++\face_h_v3\face_h_v3\x64\release\face_h_v3.tlog\cl.write.1.tlog
c:\users\harri\documents\programacao\c++\face_h_v3\face_h_v3\x64\release\face_h_v3.tlog\link.command.1.tlog
c:\users\harri\documents\programacao\c++\face_h_v3\face_h_v3\x64\release\face_h_v3.tlog\link.read.1.tlog
c:\users\harri\documents\programacao\c++\face_h_v3\face_h_v3\x64\release\face_h_v3.tlog\link.write.1.tlog
